CRITICAL - 2024-12-03 22:24:01 --> ErrorException: Undefined variable $consulta
in APPPATH\Views\construccion\index.php on line 3.
 1 APPPATH\Views\construccion\index.php(3): CodeIgniter\Debug\Exceptions->errorHandler(2, 'Undefined variable $consulta', 'C:\\xampp\\htdocs\\deleonconstruccion\\app\\Views\\construccion\\index.php', 3)
 2 SYSTEMPATH\View\View.php(228): include('C:\\xampp\\htdocs\\deleonconstruccion\\app\\Views\\construccion\\index.php')
 3 SYSTEMPATH\View\View.php(231): CodeIgniter\View\View->CodeIgniter\View\{closure}()
 4 SYSTEMPATH\Common.php(1178): CodeIgniter\View\View->render('construccion/index', [], true)
 5 APPPATH\Controllers\Home.php(22): view('construccion/index')
 6 SYSTEMPATH\CodeIgniter.php(943): App\Controllers\Home->index()
 7 SYSTEMPATH\CodeIgniter.php(503): CodeIgniter\CodeIgniter->runController(Object(App\Controllers\Home))
 8 SYSTEMPATH\CodeIgniter.php(361): CodeIgniter\CodeIgniter->handleRequest(null, Object(Config\Cache), false)
 9 FCPATH\index.php(79): CodeIgniter\CodeIgniter->run()
CRITICAL - 2024-12-03 22:31:06 --> ErrorException: Array to string conversion
in APPPATH\Views\construccion\index.php on line 3.
 1 APPPATH\Views\construccion\index.php(3): CodeIgniter\Debug\Exceptions->errorHandler(2, 'Array to string conversion', 'C:\\xampp\\htdocs\\deleonconstruccion\\app\\Views\\construccion\\index.php', 3)
 2 SYSTEMPATH\View\View.php(228): include('C:\\xampp\\htdocs\\deleonconstruccion\\app\\Views\\construccion\\index.php')
 3 SYSTEMPATH\View\View.php(231): CodeIgniter\View\View->CodeIgniter\View\{closure}()
 4 SYSTEMPATH\Common.php(1178): CodeIgniter\View\View->render('construccion/index', [], true)
 5 APPPATH\Controllers\Home.php(24): view('construccion/index', [...])
 6 SYSTEMPATH\CodeIgniter.php(943): App\Controllers\Home->index()
 7 SYSTEMPATH\CodeIgniter.php(503): CodeIgniter\CodeIgniter->runController(Object(App\Controllers\Home))
 8 SYSTEMPATH\CodeIgniter.php(361): CodeIgniter\CodeIgniter->handleRequest(null, Object(Config\Cache), false)
 9 FCPATH\index.php(79): CodeIgniter\CodeIgniter->run()
CRITICAL - 2024-12-03 22:34:43 --> ErrorException: Undefined variable $consulta
in APPPATH\Controllers\Home.php on line 23.
 1 APPPATH\Controllers\Home.php(23): CodeIgniter\Debug\Exceptions->errorHandler(2, 'Undefined variable $consulta', 'C:\\xampp\\htdocs\\deleonconstruccion\\app\\Controllers\\Home.php', 23)
 2 SYSTEMPATH\CodeIgniter.php(943): App\Controllers\Home->index()
 3 SYSTEMPATH\CodeIgniter.php(503): CodeIgniter\CodeIgniter->runController(Object(App\Controllers\Home))
 4 SYSTEMPATH\CodeIgniter.php(361): CodeIgniter\CodeIgniter->handleRequest(null, Object(Config\Cache), false)
 5 FCPATH\index.php(79): CodeIgniter\CodeIgniter->run()
CRITICAL - 2024-12-03 23:18:01 --> Error: Class "App\Controllers\UsuarioModel" not found
in APPPATH\Controllers\Email.php on line 32.
 1 SYSTEMPATH\CodeIgniter.php(943): App\Controllers\Email->index()
 2 SYSTEMPATH\CodeIgniter.php(503): CodeIgniter\CodeIgniter->runController(Object(App\Controllers\Email))
 3 SYSTEMPATH\CodeIgniter.php(361): CodeIgniter\CodeIgniter->handleRequest(null, Object(Config\Cache), false)
 4 FCPATH\index.php(79): CodeIgniter\CodeIgniter->run()
CRITICAL - 2024-12-03 23:18:43 --> Error: Class "App\Models\ContactoModel" not found
in APPPATH\Controllers\Email.php on line 32.
 1 SYSTEMPATH\CodeIgniter.php(943): App\Controllers\Email->index()
 2 SYSTEMPATH\CodeIgniter.php(503): CodeIgniter\CodeIgniter->runController(Object(App\Controllers\Email))
 3 SYSTEMPATH\CodeIgniter.php(361): CodeIgniter\CodeIgniter->handleRequest(null, Object(Config\Cache), false)
 4 FCPATH\index.php(79): CodeIgniter\CodeIgniter->run()
CRITICAL - 2024-12-03 23:19:19 --> Error: Class "App\Models\ContactoModel" not found
in APPPATH\Controllers\Email.php on line 32.
 1 SYSTEMPATH\CodeIgniter.php(943): App\Controllers\Email->index()
 2 SYSTEMPATH\CodeIgniter.php(503): CodeIgniter\CodeIgniter->runController(Object(App\Controllers\Email))
 3 SYSTEMPATH\CodeIgniter.php(361): CodeIgniter\CodeIgniter->handleRequest(null, Object(Config\Cache), false)
 4 FCPATH\index.php(79): CodeIgniter\CodeIgniter->run()
CRITICAL - 2024-12-03 23:45:30 --> ErrorException: Undefined variable $comentario
in APPPATH\Controllers\Email.php on line 39.
 1 APPPATH\Controllers\Email.php(39): CodeIgniter\Debug\Exceptions->errorHandler(2, 'Undefined variable $comentario', 'C:\\xampp\\htdocs\\deleonconstruccion\\app\\Controllers\\Email.php', 39)
 2 SYSTEMPATH\CodeIgniter.php(943): App\Controllers\Email->index()
 3 SYSTEMPATH\CodeIgniter.php(503): CodeIgniter\CodeIgniter->runController(Object(App\Controllers\Email))
 4 SYSTEMPATH\CodeIgniter.php(361): CodeIgniter\CodeIgniter->handleRequest(null, Object(Config\Cache), false)
 5 FCPATH\index.php(79): CodeIgniter\CodeIgniter->run()
