ERROR - 2025-02-14 00:02:44 --> mysqli_sql_exception: You have an error in your SQL syntax; check the manual that corresponds to your MariaDB server version for the right syntax to use near 'AND d.activo = 1 ORDER BY d.nombre_empresa ASC' at line 18 in C:\xampp_php_8.2.12\htdocs\deleonconstruccion\vendor\codeigniter4\framework\system\Database\MySQLi\Connection.php:306
Stack trace:
#0 C:\xampp_php_8.2.12\htdocs\deleonconstruccion\vendor\codeigniter4\framework\system\Database\MySQLi\Connection.php(306): mysqli->query('SELECT\n        ...', 0)
#1 C:\xampp_php_8.2.12\htdocs\deleonconstruccion\vendor\codeigniter4\framework\system\Database\BaseConnection.php(693): CodeIgniter\Database\MySQLi\Connection->execute('SELECT\n        ...')
#2 C:\xampp_php_8.2.12\htdocs\deleonconstruccion\vendor\codeigniter4\framework\system\Database\BaseConnection.php(607): CodeIgniter\Database\BaseConnection->simpleQuery('SELECT\n        ...')
#3 C:\xampp_php_8.2.12\htdocs\deleonconstruccion\app\Controllers\Home.php(199): CodeIgniter\Database\BaseConnection->query('SELECT\n        ...')
#4 C:\xampp_php_8.2.12\htdocs\deleonconstruccion\vendor\codeigniter4\framework\system\CodeIgniter.php(943): App\Controllers\Home->buscarDirectorio()
#5 C:\xampp_php_8.2.12\htdocs\deleonconstruccion\vendor\codeigniter4\framework\system\CodeIgniter.php(503): CodeIgniter\CodeIgniter->runController(Object(App\Controllers\Home))
#6 C:\xampp_php_8.2.12\htdocs\deleonconstruccion\vendor\codeigniter4\framework\system\CodeIgniter.php(361): CodeIgniter\CodeIgniter->handleRequest(NULL, Object(Config\Cache), false)
#7 C:\xampp_php_8.2.12\htdocs\deleonconstruccion\public\index.php(79): CodeIgniter\CodeIgniter->run()
#8 {main}
CRITICAL - 2025-02-14 00:02:44 --> CodeIgniter\Database\Exceptions\DatabaseException: You have an error in your SQL syntax; check the manual that corresponds to your MariaDB server version for the right syntax to use near 'AND d.activo = 1 ORDER BY d.nombre_empresa ASC' at line 18
in SYSTEMPATH\Database\BaseConnection.php on line 647.
 1 APPPATH\Controllers\Home.php(199): CodeIgniter\Database\BaseConnection->query('SELECT
                        e.nom_ent,
                        m.nom_mun,
                        o.oficio,
                        d.nombre_empresa,
                        d.nombre,
                        d.correo,
                        d.telefono 
                    FROM
                        directorio d
                        INNER JOIN c_estado e ON e.id = d.cve_ent
                        INNER JOIN c_municipio m ON m.id = d.id_municipio
                        INNER JOIN c_oficio o ON o.id = d.id_oficio 
                    WHERE
                        e.cve_ent = \'14\' 
                        AND m.id =  631
                        AND o.id = 
                        AND d.activo = 1 ORDER BY d.nombre_empresa ASC')
 2 SYSTEMPATH\CodeIgniter.php(943): App\Controllers\Home->buscarDirectorio()
 3 SYSTEMPATH\CodeIgniter.php(503): CodeIgniter\CodeIgniter->runController(Object(App\Controllers\Home))
 4 SYSTEMPATH\CodeIgniter.php(361): CodeIgniter\CodeIgniter->handleRequest(null, Object(Config\Cache), false)
 5 FCPATH\index.php(79): CodeIgniter\CodeIgniter->run()
CRITICAL - 2025-02-14 00:02:44 --> [Caused by] CodeIgniter\Database\Exceptions\DatabaseException: You have an error in your SQL syntax; check the manual that corresponds to your MariaDB server version for the right syntax to use near 'AND d.activo = 1 ORDER BY d.nombre_empresa ASC' at line 18
in SYSTEMPATH\Database\MySQLi\Connection.php on line 311.
 1 SYSTEMPATH\Database\BaseConnection.php(693): CodeIgniter\Database\MySQLi\Connection->execute('SELECT
                        e.nom_ent,
                        m.nom_mun,
                        o.oficio,
                        d.nombre_empresa,
                        d.nombre,
                        d.correo,
                        d.telefono 
                    FROM
                        directorio d
                        INNER JOIN c_estado e ON e.id = d.cve_ent
                        INNER JOIN c_municipio m ON m.id = d.id_municipio
                        INNER JOIN c_oficio o ON o.id = d.id_oficio 
                    WHERE
                        e.cve_ent = \'14\' 
                        AND m.id =  631
                        AND o.id = 
                        AND d.activo = 1 ORDER BY d.nombre_empresa ASC')
 2 SYSTEMPATH\Database\BaseConnection.php(607): CodeIgniter\Database\BaseConnection->simpleQuery('SELECT
                        e.nom_ent,
                        m.nom_mun,
                        o.oficio,
                        d.nombre_empresa,
                        d.nombre,
                        d.correo,
                        d.telefono 
                    FROM
                        directorio d
                        INNER JOIN c_estado e ON e.id = d.cve_ent
                        INNER JOIN c_municipio m ON m.id = d.id_municipio
                        INNER JOIN c_oficio o ON o.id = d.id_oficio 
                    WHERE
                        e.cve_ent = \'14\' 
                        AND m.id =  631
                        AND o.id = 
                        AND d.activo = 1 ORDER BY d.nombre_empresa ASC')
 3 APPPATH\Controllers\Home.php(199): CodeIgniter\Database\BaseConnection->query('SELECT
                        e.nom_ent,
                        m.nom_mun,
                        o.oficio,
                        d.nombre_empresa,
                        d.nombre,
                        d.correo,
                        d.telefono 
                    FROM
                        directorio d
                        INNER JOIN c_estado e ON e.id = d.cve_ent
                        INNER JOIN c_municipio m ON m.id = d.id_municipio
                        INNER JOIN c_oficio o ON o.id = d.id_oficio 
                    WHERE
                        e.cve_ent = \'14\' 
                        AND m.id =  631
                        AND o.id = 
                        AND d.activo = 1 ORDER BY d.nombre_empresa ASC')
 4 SYSTEMPATH\CodeIgniter.php(943): App\Controllers\Home->buscarDirectorio()
 5 SYSTEMPATH\CodeIgniter.php(503): CodeIgniter\CodeIgniter->runController(Object(App\Controllers\Home))
 6 SYSTEMPATH\CodeIgniter.php(361): CodeIgniter\CodeIgniter->handleRequest(null, Object(Config\Cache), false)
 7 FCPATH\index.php(79): CodeIgniter\CodeIgniter->run()
CRITICAL - 2025-02-14 00:02:44 --> [Caused by] mysqli_sql_exception: You have an error in your SQL syntax; check the manual that corresponds to your MariaDB server version for the right syntax to use near 'AND d.activo = 1 ORDER BY d.nombre_empresa ASC' at line 18
in SYSTEMPATH\Database\MySQLi\Connection.php on line 306.
 1 SYSTEMPATH\Database\MySQLi\Connection.php(306): mysqli->query('SELECT
                        e.nom_ent,
                        m.nom_mun,
                        o.oficio,
                        d.nombre_empresa,
                        d.nombre,
                        d.correo,
                        d.telefono 
                    FROM
                        directorio d
                        INNER JOIN c_estado e ON e.id = d.cve_ent
                        INNER JOIN c_municipio m ON m.id = d.id_municipio
                        INNER JOIN c_oficio o ON o.id = d.id_oficio 
                    WHERE
                        e.cve_ent = \'14\' 
                        AND m.id =  631
                        AND o.id = 
                        AND d.activo = 1 ORDER BY d.nombre_empresa ASC', 0)
 2 SYSTEMPATH\Database\BaseConnection.php(693): CodeIgniter\Database\MySQLi\Connection->execute('SELECT
                        e.nom_ent,
                        m.nom_mun,
                        o.oficio,
                        d.nombre_empresa,
                        d.nombre,
                        d.correo,
                        d.telefono 
                    FROM
                        directorio d
                        INNER JOIN c_estado e ON e.id = d.cve_ent
                        INNER JOIN c_municipio m ON m.id = d.id_municipio
                        INNER JOIN c_oficio o ON o.id = d.id_oficio 
                    WHERE
                        e.cve_ent = \'14\' 
                        AND m.id =  631
                        AND o.id = 
                        AND d.activo = 1 ORDER BY d.nombre_empresa ASC')
 3 SYSTEMPATH\Database\BaseConnection.php(607): CodeIgniter\Database\BaseConnection->simpleQuery('SELECT
                        e.nom_ent,
                        m.nom_mun,
                        o.oficio,
                        d.nombre_empresa,
                        d.nombre,
                        d.correo,
                        d.telefono 
                    FROM
                        directorio d
                        INNER JOIN c_estado e ON e.id = d.cve_ent
                        INNER JOIN c_municipio m ON m.id = d.id_municipio
                        INNER JOIN c_oficio o ON o.id = d.id_oficio 
                    WHERE
                        e.cve_ent = \'14\' 
                        AND m.id =  631
                        AND o.id = 
                        AND d.activo = 1 ORDER BY d.nombre_empresa ASC')
 4 APPPATH\Controllers\Home.php(199): CodeIgniter\Database\BaseConnection->query('SELECT
                        e.nom_ent,
                        m.nom_mun,
                        o.oficio,
                        d.nombre_empresa,
                        d.nombre,
                        d.correo,
                        d.telefono 
                    FROM
                        directorio d
                        INNER JOIN c_estado e ON e.id = d.cve_ent
                        INNER JOIN c_municipio m ON m.id = d.id_municipio
                        INNER JOIN c_oficio o ON o.id = d.id_oficio 
                    WHERE
                        e.cve_ent = \'14\' 
                        AND m.id =  631
                        AND o.id = 
                        AND d.activo = 1 ORDER BY d.nombre_empresa ASC')
 5 SYSTEMPATH\CodeIgniter.php(943): App\Controllers\Home->buscarDirectorio()
 6 SYSTEMPATH\CodeIgniter.php(503): CodeIgniter\CodeIgniter->runController(Object(App\Controllers\Home))
 7 SYSTEMPATH\CodeIgniter.php(361): CodeIgniter\CodeIgniter->handleRequest(null, Object(Config\Cache), false)
 8 FCPATH\index.php(79): CodeIgniter\CodeIgniter->run()
