ERROR - 2024-10-04 16:52:22 --> Email: sendWithMail throwed ErrorException: mail(): Failed to connect to mailserver at &quot;localhost&quot; port 25, verify your &quot;SMTP&quot; and &quot;smtp_port&quot; setting in php.ini or use ini_set() in C:\xampp\htdocs\deleonconstruccion\vendor\codeigniter4\framework\system\Email\Email.php:1763
Stack trace:
#0 [internal function]: CodeIgniter\Debug\Exceptions->errorHandler(2, 'mail(): Failed ...', 'C:\\xampp\\htdocs...', 1763)
#1 C:\xampp\htdocs\deleonconstruccion\vendor\codeigniter4\framework\system\Email\Email.php(1763): mail('sergio.deleon@c...', '=?UTF-8?Q?Perso...', 'Se registro una...', 'Date: Fri, 4 Oc...', '-f nocontestar@...')
#2 C:\xampp\htdocs\deleonconstruccion\vendor\codeigniter4\framework\system\Email\Email.php(1695): CodeIgniter\Email\Email->sendWithMail()
#3 C:\xampp\htdocs\deleonconstruccion\vendor\codeigniter4\framework\system\Email\Email.php(1587): CodeIgniter\Email\Email->spoolEmail()
#4 C:\xampp\htdocs\deleonconstruccion\app\Controllers\Email.php(30): CodeIgniter\Email\Email->send()
#5 C:\xampp\htdocs\deleonconstruccion\vendor\codeigniter4\framework\system\CodeIgniter.php(943): App\Controllers\Email->index()
#6 C:\xampp\htdocs\deleonconstruccion\vendor\codeigniter4\framework\system\CodeIgniter.php(503): CodeIgniter\CodeIgniter->runController(Object(App\Controllers\Email))
#7 C:\xampp\htdocs\deleonconstruccion\vendor\codeigniter4\framework\system\CodeIgniter.php(361): CodeIgniter\CodeIgniter->handleRequest(NULL, Object(Config\Cache), false)
#8 C:\xampp\htdocs\deleonconstruccion\public\index.php(79): CodeIgniter\CodeIgniter->run()
#9 {main}
ERROR - 2024-10-04 16:52:22 --> Email: Unable to send email using PHP mail(). Your server might not be configured to send mail using this method.
ERROR - 2024-10-04 16:52:22 --> 
ERROR - 2024-10-04 16:52:24 --> Email: sendWithMail throwed ErrorException: mail(): Failed to connect to mailserver at &quot;localhost&quot; port 25, verify your &quot;SMTP&quot; and &quot;smtp_port&quot; setting in php.ini or use ini_set() in C:\xampp\htdocs\deleonconstruccion\vendor\codeigniter4\framework\system\Email\Email.php:1763
Stack trace:
#0 [internal function]: CodeIgniter\Debug\Exceptions->errorHandler(2, 'mail(): Failed ...', 'C:\\xampp\\htdocs...', 1763)
#1 C:\xampp\htdocs\deleonconstruccion\vendor\codeigniter4\framework\system\Email\Email.php(1763): mail('sergio.deleon@c...', '=?UTF-8?Q?Perso...', 'Se registro una...', 'Date: Fri, 4 Oc...', '-f nocontestar@...')
#2 C:\xampp\htdocs\deleonconstruccion\vendor\codeigniter4\framework\system\Email\Email.php(1695): CodeIgniter\Email\Email->sendWithMail()
#3 C:\xampp\htdocs\deleonconstruccion\vendor\codeigniter4\framework\system\Email\Email.php(1587): CodeIgniter\Email\Email->spoolEmail()
#4 C:\xampp\htdocs\deleonconstruccion\app\Controllers\Email.php(32): CodeIgniter\Email\Email->send()
#5 C:\xampp\htdocs\deleonconstruccion\vendor\codeigniter4\framework\system\CodeIgniter.php(943): App\Controllers\Email->index()
#6 C:\xampp\htdocs\deleonconstruccion\vendor\codeigniter4\framework\system\CodeIgniter.php(503): CodeIgniter\CodeIgniter->runController(Object(App\Controllers\Email))
#7 C:\xampp\htdocs\deleonconstruccion\vendor\codeigniter4\framework\system\CodeIgniter.php(361): CodeIgniter\CodeIgniter->handleRequest(NULL, Object(Config\Cache), false)
#8 C:\xampp\htdocs\deleonconstruccion\public\index.php(79): CodeIgniter\CodeIgniter->run()
#9 {main}
ERROR - 2024-10-04 16:52:24 --> Email: Unable to send email using PHP mail(). Your server might not be configured to send mail using this method.
ERROR - 2024-10-04 16:52:24 --> Unable to send email using PHP mail(). Your server might not be configured to send mail using this method.
ERROR - 2024-10-04 19:10:50 --> Email: Unable to send email using SMTP. Your server might not be configured to send mail using this method.
ERROR - 2024-10-04 19:10:50 --> 220 smtp.googlemail.com ESMTP 006d021491bc7-5e7d7120263sm123783eaf.5 - gsmtp

hello: 250-smtp.googlemail.com at your service, [189.254.233.213]
250-SIZE 35882577
250-8BITMIME
250-STARTTLS
250-ENHANCEDSTATUSCODES
250-PIPELINING
250-CHUNKING
250 SMTPUTF8

starttls: 220 2.0.0 Ready to start TLS

hello: 250-smtp.googlemail.com at your service, [189.254.233.213]
250-SIZE 35882577
250-8BITMIME
250-AUTH LOGIN PLAIN XOAUTH2 PLAIN-CLIENTTOKEN OAUTHBEARER XOAUTH
250-ENHANCEDSTATUSCODES
250-PIPELINING
250-CHUNKING
250 SMTPUTF8

Failed to authenticate password. Error: 535-5.7.8 Username and Password not accepted. For more information, go to
535 5.7.8  https://support.google.com/mail/?p=BadCredentials 006d021491bc7-5e7d7120263sm123783eaf.5 - gsmtp

ERROR - 2024-10-04 19:10:50 --> Email: Unable to send email using SMTP. Your server might not be configured to send mail using this method.
ERROR - 2024-10-04 19:10:50 --> 220 smtp.googlemail.com ESMTP 006d021491bc7-5e7d7120263sm123783eaf.5 - gsmtp

hello: 250-smtp.googlemail.com at your service, [189.254.233.213]
250-SIZE 35882577
250-8BITMIME
250-STARTTLS
250-ENHANCEDSTATUSCODES
250-PIPELINING
250-CHUNKING
250 SMTPUTF8

starttls: 220 2.0.0 Ready to start TLS

hello: 250-smtp.googlemail.com at your service, [189.254.233.213]
250-SIZE 35882577
250-8BITMIME
250-AUTH LOGIN PLAIN XOAUTH2 PLAIN-CLIENTTOKEN OAUTHBEARER XOAUTH
250-ENHANCEDSTATUSCODES
250-PIPELINING
250-CHUNKING
250 SMTPUTF8

Failed to authenticate password. Error: 535-5.7.8 Username and Password not accepted. For more information, go to
535 5.7.8  https://support.google.com/mail/?p=BadCredentials 006d021491bc7-5e7d7120263sm123783eaf.5 - gsmtp

Unable to send email using SMTP. Your server might not be configured to send mail using this method.
Failed to authenticate password. Error: 535-5.7.8 Username and Password not accepted. For more information, go to
535 5.7.8  https://support.google.com/mail/?p=BadCredentials 006d021491bc7-5e7d7120263sm123783eaf.5 - gsmtp

ERROR - 2024-10-04 19:15:09 --> Email: Unable to send email using SMTP. Your server might not be configured to send mail using this method.
ERROR - 2024-10-04 19:15:09 --> 220 smtp.gmail.com ESMTP 586e51a60fabf-287d735eb1bsm201956fac.56 - gsmtp

hello: 250-smtp.gmail.com at your service, [189.254.233.213]
250-SIZE 35882577
250-8BITMIME
250-STARTTLS
250-ENHANCEDSTATUSCODES
250-PIPELINING
250-CHUNKING
250 SMTPUTF8

starttls: 220 2.0.0 Ready to start TLS

hello: 250-smtp.gmail.com at your service, [189.254.233.213]
250-SIZE 35882577
250-8BITMIME
250-AUTH LOGIN PLAIN XOAUTH2 PLAIN-CLIENTTOKEN OAUTHBEARER XOAUTH
250-ENHANCEDSTATUSCODES
250-PIPELINING
250-CHUNKING
250 SMTPUTF8

Failed to authenticate password. Error: 535-5.7.8 Username and Password not accepted. For more information, go to
535 5.7.8  https://support.google.com/mail/?p=BadCredentials 586e51a60fabf-287d735eb1bsm201956fac.56 - gsmtp

ERROR - 2024-10-04 19:15:09 --> Email: Unable to send email using SMTP. Your server might not be configured to send mail using this method.
ERROR - 2024-10-04 19:15:09 --> 220 smtp.gmail.com ESMTP 586e51a60fabf-287d735eb1bsm201956fac.56 - gsmtp

hello: 250-smtp.gmail.com at your service, [189.254.233.213]
250-SIZE 35882577
250-8BITMIME
250-STARTTLS
250-ENHANCEDSTATUSCODES
250-PIPELINING
250-CHUNKING
250 SMTPUTF8

starttls: 220 2.0.0 Ready to start TLS

hello: 250-smtp.gmail.com at your service, [189.254.233.213]
250-SIZE 35882577
250-8BITMIME
250-AUTH LOGIN PLAIN XOAUTH2 PLAIN-CLIENTTOKEN OAUTHBEARER XOAUTH
250-ENHANCEDSTATUSCODES
250-PIPELINING
250-CHUNKING
250 SMTPUTF8

Failed to authenticate password. Error: 535-5.7.8 Username and Password not accepted. For more information, go to
535 5.7.8  https://support.google.com/mail/?p=BadCredentials 586e51a60fabf-287d735eb1bsm201956fac.56 - gsmtp

Unable to send email using SMTP. Your server might not be configured to send mail using this method.
Failed to authenticate password. Error: 535-5.7.8 Username and Password not accepted. For more information, go to
535 5.7.8  https://support.google.com/mail/?p=BadCredentials 586e51a60fabf-287d735eb1bsm201956fac.56 - gsmtp

